[debug] [2023-08-29T17:08:52.718Z] ----------------------------------------------------------------------
[debug] [2023-08-29T17:08:52.721Z] Command:       C:\Program Files\nodejs\node.exe C:\Users\Admin\AppData\Roaming\npm\node_modules\firebase-tools\lib\bin\firebase.js init
[debug] [2023-08-29T17:08:52.722Z] CLI Version:   12.5.2
[debug] [2023-08-29T17:08:52.722Z] Platform:      win32
[debug] [2023-08-29T17:08:52.723Z] Node Version:  v18.16.0
[debug] [2023-08-29T17:08:52.724Z] Time:          Tue Aug 29 2023 22:38:52 GMT+0530 (India Standard Time)
[debug] [2023-08-29T17:08:52.725Z] ----------------------------------------------------------------------
[debug] 
[debug] [2023-08-29T17:08:52.741Z] > command requires scopes: ["email","openid","https://www.googleapis.com/auth/cloudplatformprojects.readonly","https://www.googleapis.com/auth/firebase","https://www.googleapis.com/auth/cloud-platform"]
[debug] [2023-08-29T17:08:52.742Z] > authorizing via signed-in user (swapnilsonawane2434@gmail.com)
[info] 
     ######## #### ########  ######## ########     ###     ######  ########
     ##        ##  ##     ## ##       ##     ##  ##   ##  ##       ##
     ######    ##  ########  ######   ########  #########  ######  ######
     ##        ##  ##    ##  ##       ##     ## ##     ##       ## ##
     ##       #### ##     ## ######## ########  ##     ##  ######  ########

You're about to initialize a Firebase project in this directory:

  D:\PROJECTS\NETFLIXCLONE\netflixgpt

[info] 
=== Project Setup
[info] 
[info] First, let's associate this project directory with a Firebase project.
[info] You can create multiple project aliases by running firebase use --add, 
[info] but for now we'll just set up a default project.
[info] 
[debug] [2023-08-29T17:13:07.558Z] >>> [apiv2][query] GET https://firebase.googleapis.com/v1beta1/projects pageSize=100
[debug] [2023-08-29T17:13:10.072Z] <<< [apiv2][status] GET https://firebase.googleapis.com/v1beta1/projects 200
[debug] [2023-08-29T17:13:10.072Z] <<< [apiv2][body] GET https://firebase.googleapis.com/v1beta1/projects [omitted]
[info] i  Using project netflixgpt-f9616 (NetflixGpt) 
[info] 
=== Hosting Setup
[info] 
[info] Your public directory is the folder (relative to your project directory) that
[info] will contain Hosting assets to be uploaded with firebase deploy. If you
[info] have a build process for your assets, use your build's output directory.
[info] 
